<?xml version="1.0" encoding="UTF-8"?>
<!-- Generated by org.testng.reporters.JUnitReportReporter -->
<testsuite hostname="SanketMali-C02DCPMGML7H" failures="0" tests="1" name="com.browserstack.ProdTest" time="362.864" errors="0" timestamp="2023-03-01T02:20:16 IST" skipped="0">
  <testcase classname="com.browserstack.ProdTest" name="test" time="362.864"/>
  <system-out/>
</testsuite> <!-- com.browserstack.ProdTest -->
